TN:
SF:src\domain\entities\log.entity.ts
FN:20,LogEntity
FN:28,LogEntity.fromJson
FN:48,LogEntity.fromObject
FNF:3
FNH:1
FNDA:4,LogEntity
FNDA:0,LogEntity.fromJson
FNDA:0,LogEntity.fromObject
DA:1,2
DA:2,2
DA:3,2
DA:4,2
DA:5,2
DA:6,1
DA:7,1
DA:8,1
DA:9,1
DA:10,1
DA:11,1
DA:12,1
DA:13,1
DA:14,1
DA:15,1
DA:16,1
DA:17,1
DA:18,1
DA:19,1
DA:20,1
DA:21,4
DA:22,4
DA:23,4
DA:24,4
DA:25,4
DA:26,4
DA:27,1
DA:28,1
DA:29,0
DA:30,0
DA:31,0
DA:32,0
DA:33,0
DA:34,0
DA:35,0
DA:36,0
DA:37,0
DA:38,0
DA:39,0
DA:40,0
DA:41,0
DA:42,0
DA:43,0
DA:44,0
DA:45,0
DA:46,0
DA:47,1
DA:48,1
DA:49,0
DA:50,0
DA:51,0
DA:52,0
DA:53,0
DA:54,0
DA:55,1
LF:55
LH:31
BRDA:1,0,0,2
BRDA:20,1,0,4
BRF:2
BRH:2
end_of_record
TN:
SF:src\domain\use-cases\checks\check-service-multiple.ts
FN:13,CheckServiceMultiple
FN:19,callLogs
FN:25,execute
FNF:3
FNH:3
FNDA:1,CheckServiceMultiple
FNDA:2,callLogs
FNDA:2,execute
DA:1,1
DA:2,1
DA:3,1
DA:4,1
DA:5,1
DA:6,1
DA:7,1
DA:8,1
DA:9,1
DA:10,1
DA:11,1
DA:12,1
DA:13,1
DA:14,1
DA:15,1
DA:16,1
DA:17,1
DA:18,1
DA:19,1
DA:20,2
DA:21,6
DA:22,2
DA:23,2
DA:24,1
DA:25,1
DA:26,2
DA:27,2
DA:28,2
DA:29,1
DA:30,2
DA:31,0
DA:32,0
DA:33,1
DA:34,1
DA:35,1
DA:36,1
DA:37,1
DA:38,1
DA:39,1
DA:40,2
DA:41,2
DA:42,2
DA:43,2
DA:44,2
DA:45,1
DA:46,1
DA:47,1
DA:48,1
DA:49,1
DA:50,1
DA:51,1
DA:52,1
DA:53,1
DA:54,1
DA:55,1
DA:56,1
DA:57,2
DA:58,1
LF:58
LH:56
BRDA:13,0,0,1
BRDA:19,1,0,2
BRDA:20,2,0,6
BRDA:25,3,0,2
BRDA:29,4,0,1
BRDA:30,5,0,0
BRDA:33,6,0,1
BRDA:44,7,0,1
BRF:8
BRH:7
end_of_record
TN:
SF:src\domain\use-cases\checks\check-service.ts
FN:13,CheckService
FN:19,execute
FNF:2
FNH:2
FNDA:1,CheckService
FNDA:2,execute
DA:1,1
DA:2,1
DA:3,1
DA:4,1
DA:5,1
DA:6,1
DA:7,1
DA:8,1
DA:9,1
DA:10,1
DA:11,1
DA:12,1
DA:13,1
DA:14,1
DA:15,1
DA:16,1
DA:17,1
DA:18,1
DA:19,1
DA:20,2
DA:21,2
DA:22,2
DA:23,1
DA:24,2
DA:25,0
DA:26,0
DA:27,1
DA:28,1
DA:29,1
DA:30,1
DA:31,1
DA:32,1
DA:33,1
DA:34,2
DA:35,2
DA:36,2
DA:37,2
DA:38,2
DA:39,1
DA:40,1
DA:41,1
DA:42,1
DA:43,1
DA:44,1
DA:45,1
DA:46,1
DA:47,1
DA:48,1
DA:49,1
DA:50,1
DA:51,2
DA:52,1
LF:52
LH:50
BRDA:13,0,0,1
BRDA:19,1,0,2
BRDA:23,2,0,1
BRDA:24,3,0,0
BRDA:27,4,0,1
BRDA:38,5,0,1
BRF:6
BRH:5
end_of_record
